[2019-12-03T15:20:26.833] [DEBUG] cheese - login => username:zs,password:12346
[2019-12-03T15:31:26.127] [DEBUG] cheese - login => username:admin,password:123456
[2019-12-03T15:31:26.129] [DEBUG] cheese - admin
[2019-12-03T15:31:26.145] [DEBUG] cheese - null
[2019-12-03T15:31:26.145] [DEBUG] cheese - null
[2019-12-03T15:31:42.809] [DEBUG] cheese - login => username:zs,password:123456
[2019-12-03T15:31:42.810] [DEBUG] cheese - zs
[2019-12-03T15:31:42.814] [DEBUG] cheese - null
[2019-12-03T15:31:42.815] [DEBUG] cheese - null
[2019-12-03T15:33:40.610] [DEBUG] cheese - login => username:zs,password:123456
[2019-12-03T15:33:40.611] [DEBUG] cheese - zs
[2019-12-03T15:33:40.615] [DEBUG] cheese - null
[2019-12-03T15:33:40.615] [DEBUG] cheese - null
[2019-12-03T15:33:46.330] [DEBUG] cheese - login => username:admin,password:123456
[2019-12-03T15:33:46.330] [DEBUG] cheese - admin
[2019-12-03T15:33:46.338] [DEBUG] cheese - null
[2019-12-03T15:33:46.338] [DEBUG] cheese - null
[2019-12-08T18:14:25.759] [DEBUG] cheese - login => username:321321,password:321321321
[2019-12-08T18:14:25.760] [DEBUG] cheese - 321321
[2019-12-08T18:14:25.776] [DEBUG] cheese - null
[2019-12-08T18:14:25.776] [DEBUG] cheese - null
[2019-12-08T18:16:05.635] [DEBUG] cheese - login => username:32132132,password:321321321
[2019-12-08T18:16:05.635] [DEBUG] cheese - 32132132
[2019-12-08T18:16:05.637] [DEBUG] cheese - null
[2019-12-08T18:16:05.637] [DEBUG] cheese - null
[2019-12-08T18:19:48.090] [DEBUG] cheese - login => username:32132,password:321321321
[2019-12-08T18:19:48.090] [DEBUG] cheese - 32132
[2019-12-08T18:19:48.092] [DEBUG] cheese - null
[2019-12-08T18:19:48.092] [DEBUG] cheese - null
[2019-12-08T18:19:57.613] [DEBUG] cheese - login => username:root,password:123456
[2019-12-08T18:19:57.613] [DEBUG] cheese - root
[2019-12-08T18:19:57.615] [DEBUG] cheese - null
[2019-12-08T18:19:57.615] [DEBUG] cheese - null
[2019-12-08T18:20:30.172] [DEBUG] cheese - login => username:admin,password:123456
[2019-12-08T18:20:30.172] [DEBUG] cheese - admin
[2019-12-08T18:20:30.175] [DEBUG] cheese - null
[2019-12-08T18:20:30.175] [DEBUG] cheese - null
[2019-12-08T18:42:52.805] [DEBUG] cheese - login => username:3213213,password:21321321321321
[2019-12-08T18:42:52.805] [DEBUG] cheese - 3213213
[2019-12-08T18:42:52.808] [DEBUG] cheese - null
[2019-12-08T18:42:52.808] [DEBUG] cheese - null
[2019-12-08T18:43:22.421] [DEBUG] cheese - login => username:32132,password:3213214
[2019-12-08T18:43:22.422] [DEBUG] cheese - 32132
[2019-12-08T18:43:22.423] [DEBUG] cheese - null
[2019-12-08T18:43:22.423] [DEBUG] cheese - null
[2019-12-08T18:43:35.441] [DEBUG] cheese - login => username:admin,password:123456
[2019-12-08T18:43:35.441] [DEBUG] cheese - admin
[2019-12-08T18:43:35.444] [DEBUG] cheese - null
[2019-12-08T18:43:35.444] [DEBUG] cheese - null
[2019-12-08T18:54:45.709] [DEBUG] cheese - login => username:admin,password:123456
[2019-12-08T18:54:45.709] [DEBUG] cheese - admin
[2019-12-08T18:54:45.712] [DEBUG] cheese - null
[2019-12-08T18:54:45.712] [DEBUG] cheese - null
[2019-12-08T18:58:06.946] [DEBUG] cheese - login => username:admin,password:123456
[2019-12-08T18:58:06.946] [DEBUG] cheese - admin
[2019-12-08T18:58:06.950] [DEBUG] cheese - null
[2019-12-08T18:58:06.950] [DEBUG] cheese - null
[2019-12-08T18:59:11.566] [DEBUG] cheese - login => username:admin,password:123456
[2019-12-08T18:59:11.566] [DEBUG] cheese - admin
[2019-12-08T18:59:11.568] [DEBUG] cheese - null
[2019-12-08T18:59:11.568] [DEBUG] cheese - null
[2019-12-08T18:59:28.732] [DEBUG] cheese - login => username:admin,password:123456
[2019-12-08T18:59:28.732] [DEBUG] cheese - admin
[2019-12-08T18:59:28.735] [DEBUG] cheese - null
[2019-12-08T18:59:28.735] [DEBUG] cheese - null
[2019-12-08T19:00:06.785] [DEBUG] cheese - login => username:admin,password:123456
[2019-12-08T19:00:06.786] [DEBUG] cheese - admin
[2019-12-08T19:00:06.789] [DEBUG] cheese - null
[2019-12-08T19:00:06.789] [DEBUG] cheese - null
[2019-12-08T19:27:51.993] [DEBUG] cheese - login => username:admin,password:123456
[2019-12-08T19:27:51.994] [DEBUG] cheese - admin
[2019-12-08T19:27:51.997] [DEBUG] cheese - null
[2019-12-08T19:27:51.997] [DEBUG] cheese - null
[2019-12-08T19:28:01.082] [DEBUG] cheese - login => username:admin,password:123456
[2019-12-08T19:28:01.082] [DEBUG] cheese - admin
[2019-12-08T19:28:01.085] [DEBUG] cheese - null
[2019-12-08T19:28:01.085] [DEBUG] cheese - null
[2019-12-08T19:33:47.487] [DEBUG] cheese - login => username:admin,password:123456
[2019-12-08T19:33:47.487] [DEBUG] cheese - admin
[2019-12-08T19:33:47.490] [DEBUG] cheese - null
[2019-12-08T19:33:47.490] [DEBUG] cheese - null
[2019-12-08T19:33:52.020] [DEBUG] cheese - login => username:admin,password:123456
[2019-12-08T19:33:52.020] [DEBUG] cheese - admin
[2019-12-08T19:33:52.023] [DEBUG] cheese - null
[2019-12-08T19:33:52.023] [DEBUG] cheese - null
[2019-12-08T20:04:03.864] [DEBUG] cheese - login => username:admin,password:123456
[2019-12-08T20:04:03.864] [DEBUG] cheese - admin
[2019-12-08T20:04:03.868] [DEBUG] cheese - null
[2019-12-08T20:04:03.868] [DEBUG] cheese - null
[2019-12-08T20:14:40.117] [DEBUG] cheese - login => username:admin,password:123456
[2019-12-08T20:14:40.117] [DEBUG] cheese - admin
[2019-12-08T20:14:40.122] [DEBUG] cheese - null
[2019-12-08T20:14:40.122] [DEBUG] cheese - null
[2019-12-08T22:16:09.129] [DEBUG] cheese - login => username:admin,password:123456
[2019-12-08T22:16:09.129] [DEBUG] cheese - admin
[2019-12-08T22:16:09.134] [DEBUG] cheese - null
[2019-12-08T22:16:09.134] [DEBUG] cheese - null
[2019-12-08T22:16:31.102] [DEBUG] cheese - login => username:admin,password:123456
[2019-12-08T22:16:31.102] [DEBUG] cheese - admin
[2019-12-08T22:16:31.104] [DEBUG] cheese - null
[2019-12-08T22:16:31.104] [DEBUG] cheese - null
[2019-12-09T12:17:42.394] [DEBUG] cheese - login => username:admin,password:123456
[2019-12-09T12:17:42.396] [DEBUG] cheese - admin
[2019-12-09T12:18:56.045] [DEBUG] cheese - null
[2019-12-09T12:18:56.045] [DEBUG] cheese - null
[2019-12-09T12:19:09.888] [DEBUG] cheese - login => username:admin,password:123456
[2019-12-09T12:19:09.888] [DEBUG] cheese - admin
[2019-12-09T12:19:09.892] [DEBUG] cheese - null
[2019-12-09T12:19:09.892] [DEBUG] cheese - null
[2019-12-09T12:20:02.320] [DEBUG] cheese - login => username:admin,password:123456
[2019-12-09T12:20:02.320] [DEBUG] cheese - admin
[2019-12-09T12:20:02.322] [DEBUG] cheese - null
[2019-12-09T12:20:02.322] [DEBUG] cheese - null
[2019-12-09T12:20:23.443] [DEBUG] cheese - login => username:admin,password:123456
[2019-12-09T12:20:23.443] [DEBUG] cheese - admin
[2019-12-09T12:20:23.446] [DEBUG] cheese - null
[2019-12-09T12:20:23.446] [DEBUG] cheese - null
[2019-12-09T12:21:14.961] [DEBUG] cheese - login => username:admin,password:123456
[2019-12-09T12:21:14.961] [DEBUG] cheese - admin
[2019-12-09T12:21:14.963] [DEBUG] cheese - null
[2019-12-09T12:21:14.964] [DEBUG] cheese - null
[2019-12-09T12:22:38.011] [DEBUG] cheese - login => username:admin,password:123456
[2019-12-09T12:22:38.011] [DEBUG] cheese - admin
[2019-12-09T12:22:38.014] [DEBUG] cheese - null
[2019-12-09T12:22:38.014] [DEBUG] cheese - null
[2019-12-09T12:22:55.085] [DEBUG] cheese - login => username:admin,password:123456
[2019-12-09T12:22:55.085] [DEBUG] cheese - admin
[2019-12-09T12:22:55.087] [DEBUG] cheese - null
[2019-12-09T12:22:55.087] [DEBUG] cheese - null
[2019-12-09T22:11:22.314] [DEBUG] cheese - login => username:admin,password:123456
[2019-12-09T22:11:22.315] [DEBUG] cheese - admin
[2019-12-09T22:11:22.318] [DEBUG] cheese - null
[2019-12-09T22:11:22.319] [DEBUG] cheese - null
[2019-12-10T11:00:33.890] [DEBUG] cheese - login => username:admin,password:123456
[2019-12-10T11:00:33.892] [DEBUG] cheese - admin
[2019-12-10T11:00:33.899] [DEBUG] cheese - login => username:admin,password:123456
[2019-12-10T11:00:33.899] [DEBUG] cheese - admin
[2019-12-10T11:00:33.903] [DEBUG] cheese - login => username:admin,password:123456
[2019-12-10T11:00:33.903] [DEBUG] cheese - admin
[2019-12-10T11:00:33.906] [DEBUG] cheese - login => username:admin,password:123456
[2019-12-10T11:00:33.906] [DEBUG] cheese - admin
[2019-12-10T11:00:33.908] [DEBUG] cheese - login => username:admin,password:123456
[2019-12-10T11:00:33.908] [DEBUG] cheese - admin
[2019-12-10T11:00:33.910] [DEBUG] cheese - login => username:admin,password:123456
[2019-12-10T11:00:33.910] [DEBUG] cheese - admin
[2019-12-10T11:00:33.915] [DEBUG] cheese - null
[2019-12-10T11:00:33.915] [DEBUG] cheese - null
[2019-12-10T11:01:53.038] [DEBUG] cheese - login => username:admin,password:123456
[2019-12-10T11:01:53.044] [DEBUG] cheese - admin
[2019-12-10T11:01:53.075] [DEBUG] cheese - null
[2019-12-10T11:01:53.075] [DEBUG] cheese - null
[2019-12-10T11:45:57.497] [DEBUG] cheese - login => username:admin,password:123456
[2019-12-10T11:45:57.497] [DEBUG] cheese - admin
[2019-12-10T11:45:57.500] [DEBUG] cheese - null
[2019-12-10T11:45:57.501] [DEBUG] cheese - null
[2019-12-10T12:08:18.986] [DEBUG] cheese - login => username:admin,password:123456
[2019-12-10T12:08:18.986] [DEBUG] cheese - admin
[2019-12-10T12:11:36.060] [DEBUG] cheese - null
[2019-12-10T12:11:36.060] [DEBUG] cheese - null
[2019-12-10T12:11:36.166] [DEBUG] cheese - login => username:admin,password:123456
[2019-12-10T12:11:36.166] [DEBUG] cheese - admin
[2019-12-10T12:11:36.168] [DEBUG] cheese - login => username:admin,password:123456
[2019-12-10T12:11:36.168] [DEBUG] cheese - admin
[2019-12-10T12:11:36.171] [DEBUG] cheese - login => username:admin,password:123456
[2019-12-10T12:11:36.171] [DEBUG] cheese - admin
[2019-12-10T12:11:36.173] [DEBUG] cheese - login => username:admin,password:123456
[2019-12-10T12:11:36.173] [DEBUG] cheese - admin
[2019-12-10T12:11:36.174] [DEBUG] cheese - login => username:admin,password:123456
[2019-12-10T12:11:36.174] [DEBUG] cheese - admin
[2019-12-10T12:11:36.178] [DEBUG] cheese - login => username:admin,password:123456
[2019-12-10T12:11:36.178] [DEBUG] cheese - admin
[2019-12-10T12:11:36.183] [DEBUG] cheese - null
[2019-12-10T12:11:36.183] [DEBUG] cheese - null
[2019-12-10T12:11:36.283] [DEBUG] cheese - login => username:admin,password:123456
[2019-12-10T12:11:36.283] [DEBUG] cheese - admin
[2019-12-10T12:11:36.286] [DEBUG] cheese - null
[2019-12-10T12:11:36.286] [DEBUG] cheese - null
[2019-12-10T12:11:36.395] [DEBUG] cheese - null
[2019-12-10T12:11:36.395] [DEBUG] cheese - null
[2019-12-10T12:11:36.491] [DEBUG] cheese - null
[2019-12-10T12:11:36.491] [DEBUG] cheese - null
[2019-12-10T12:11:36.591] [DEBUG] cheese - null
[2019-12-10T12:11:36.591] [DEBUG] cheese - null
[2019-12-10T12:11:36.695] [DEBUG] cheese - null
[2019-12-10T12:11:36.695] [DEBUG] cheese - null
[2019-12-10T12:11:36.796] [DEBUG] cheese - null
[2019-12-10T12:11:36.797] [DEBUG] cheese - null
[2019-12-10T12:18:37.470] [DEBUG] cheese - login => username:admin,password:123456
[2019-12-10T12:18:37.472] [DEBUG] cheese - admin
[2019-12-10T12:18:37.483] [DEBUG] cheese - null
[2019-12-10T12:18:37.483] [DEBUG] cheese - null
[2019-12-10T12:42:59.113] [DEBUG] cheese - login => username:admin,password:123456
[2019-12-10T12:42:59.115] [DEBUG] cheese - admin
[2019-12-10T12:42:59.138] [DEBUG] cheese - null
[2019-12-10T12:42:59.139] [DEBUG] cheese - null
[2019-12-10T12:43:08.861] [DEBUG] cheese - login => username:admin,password:123456
[2019-12-10T12:43:08.864] [DEBUG] cheese - admin
[2019-12-10T12:43:08.875] [DEBUG] cheese - null
[2019-12-10T12:43:08.876] [DEBUG] cheese - null
[2019-12-11T11:30:02.008] [DEBUG] cheese - login => username:admin,password:123456
[2019-12-11T11:30:02.011] [DEBUG] cheese - admin
[2019-12-11T11:30:02.043] [DEBUG] cheese - null
[2019-12-11T11:30:02.043] [DEBUG] cheese - null
[2019-12-12T10:35:53.956] [DEBUG] cheese - login => username:admin,password:123456
[2019-12-12T10:35:53.976] [DEBUG] cheese - admin
[2019-12-12T10:35:53.987] [DEBUG] cheese - null
[2019-12-12T10:35:53.988] [DEBUG] cheese - null
[2019-12-13T14:22:21.066] [DEBUG] cheese - login => username:admin,password:123456
[2019-12-13T14:22:21.067] [DEBUG] cheese - admin
[2019-12-13T14:22:30.027] [DEBUG] cheese - login => username:admin,password:123456
[2019-12-13T14:22:30.028] [DEBUG] cheese - admin
[2019-12-13T14:22:30.038] [DEBUG] cheese - null
[2019-12-13T14:22:30.039] [DEBUG] cheese - null
[2019-12-13T14:22:30.180] [DEBUG] cheese - null
[2019-12-13T14:22:30.180] [DEBUG] cheese - null
[2019-12-13T14:22:51.177] [DEBUG] cheese - login => username:admin,password:123456
[2019-12-13T14:22:51.185] [DEBUG] cheese - admin
[2019-12-13T14:22:51.228] [DEBUG] cheese - null
[2019-12-13T14:22:51.229] [DEBUG] cheese - null
[2019-12-13T14:22:57.588] [DEBUG] cheese - login => username:admin,password:123456
[2019-12-13T14:22:57.588] [DEBUG] cheese - admin
[2019-12-13T14:22:57.593] [DEBUG] cheese - null
[2019-12-13T14:22:57.593] [DEBUG] cheese - null
[2019-12-13T18:09:31.767] [DEBUG] cheese - null
[2019-12-13T18:10:52.969] [DEBUG] cheese - null
[2019-12-13T18:10:55.580] [DEBUG] cheese - null
[2019-12-13T19:11:22.701] [DEBUG] cheese - null
[2019-12-14T14:53:12.034] [DEBUG] cheese - login => username:admin,password:123456
[2019-12-14T14:53:12.035] [DEBUG] cheese - admin
[2019-12-14T14:53:12.038] [DEBUG] cheese - null
[2019-12-14T14:53:12.038] [DEBUG] cheese - null
[2019-12-15T16:24:44.616] [DEBUG] cheese - login => username:admin,password:123456
[2019-12-15T16:24:44.618] [DEBUG] cheese - admin
[2019-12-15T16:24:44.633] [DEBUG] cheese - null
[2019-12-15T16:24:44.633] [DEBUG] cheese - null
[2019-12-16T15:03:29.087] [DEBUG] cheese - login => username:admin,password:123456
[2019-12-16T15:03:29.087] [DEBUG] cheese - admin
[2019-12-16T15:03:29.090] [DEBUG] cheese - null
[2019-12-16T15:03:29.090] [DEBUG] cheese - null
[2019-12-17T17:54:53.126] [DEBUG] cheese - login => username:admin,password:123456
[2019-12-17T17:54:53.126] [DEBUG] cheese - admin
[2019-12-17T17:54:53.131] [DEBUG] cheese - null
[2019-12-17T17:54:53.131] [DEBUG] cheese - null
[2019-12-18T20:51:28.019] [DEBUG] cheese - login => username:admin,password:123456
[2019-12-18T20:51:28.019] [DEBUG] cheese - admin
[2019-12-18T20:51:28.030] [DEBUG] cheese - null
[2019-12-18T20:51:28.030] [DEBUG] cheese - null
[2019-12-19T22:49:41.856] [DEBUG] cheese - login => username:admin,password:123456
[2019-12-19T22:49:41.856] [DEBUG] cheese - admin
[2019-12-19T22:49:41.859] [DEBUG] cheese - null
[2019-12-19T22:49:41.859] [DEBUG] cheese - null
[2019-12-21T11:16:37.594] [DEBUG] cheese - login => username:admin,password:123456
[2019-12-21T11:16:37.595] [DEBUG] cheese - admin
[2019-12-21T11:16:37.603] [DEBUG] cheese - null
[2019-12-21T11:16:37.603] [DEBUG] cheese - null
[2019-12-21T17:22:31.064] [DEBUG] cheese - null
[2019-12-22T12:05:36.473] [DEBUG] cheese - login => username:admin,password:123456
[2019-12-22T12:05:36.474] [DEBUG] cheese - admin
[2019-12-22T12:05:36.478] [DEBUG] cheese - null
[2019-12-22T12:05:36.478] [DEBUG] cheese - null
[2019-12-22T22:05:19.745] [DEBUG] cheese - login => username:admin,password:123456
[2019-12-22T22:05:19.745] [DEBUG] cheese - admin
[2019-12-22T22:05:19.750] [DEBUG] cheese - null
[2019-12-22T22:05:19.750] [DEBUG] cheese - null
[2019-12-22T22:48:38.769] [DEBUG] cheese - login => username:admin,password:123456
[2019-12-22T22:48:38.769] [DEBUG] cheese - admin
[2019-12-22T22:48:38.773] [DEBUG] cheese - null
[2019-12-22T22:48:38.774] [DEBUG] cheese - null
[2019-12-22T22:49:51.032] [DEBUG] cheese - login => username:admin,password:123456
[2019-12-22T22:49:51.032] [DEBUG] cheese - admin
[2019-12-22T22:49:51.035] [DEBUG] cheese - null
[2019-12-22T22:49:51.035] [DEBUG] cheese - null
[2019-12-23T00:17:27.325] [DEBUG] cheese - login => username:admin,password:123456
[2019-12-23T00:17:27.325] [DEBUG] cheese - admin
[2019-12-23T00:17:27.328] [DEBUG] cheese - null
[2019-12-23T00:17:27.328] [DEBUG] cheese - null
[2019-12-23T00:18:38.225] [DEBUG] cheese - login => username:admin,password:123456
[2019-12-23T00:18:38.225] [DEBUG] cheese - admin
[2019-12-23T00:18:38.228] [DEBUG] cheese - null
[2019-12-23T00:18:38.228] [DEBUG] cheese - null
[2019-12-23T00:21:17.033] [DEBUG] cheese - login => username:admin,password:123456
[2019-12-23T00:21:17.033] [DEBUG] cheese - admin
[2019-12-23T00:21:17.035] [DEBUG] cheese - null
[2019-12-23T00:21:17.035] [DEBUG] cheese - null
[2019-12-23T00:26:42.496] [DEBUG] cheese - login => username:admin,password:123456
[2019-12-23T00:26:42.497] [DEBUG] cheese - admin
[2019-12-23T00:26:42.499] [DEBUG] cheese - null
[2019-12-23T00:26:42.499] [DEBUG] cheese - null
[2019-12-24T15:01:29.996] [DEBUG] cheese - login => username:admin,password:123456
[2019-12-24T15:01:30.005] [DEBUG] cheese - admin
[2019-12-24T15:01:30.055] [DEBUG] cheese - null
[2019-12-24T15:01:30.055] [DEBUG] cheese - null
[2019-12-24T15:22:22.398] [DEBUG] cheese - login => username:admin,password:123456
[2019-12-24T15:22:22.400] [DEBUG] cheese - admin
[2019-12-24T15:22:22.448] [DEBUG] cheese - null
[2019-12-24T15:22:22.449] [DEBUG] cheese - null
[2019-12-24T15:22:42.294] [DEBUG] cheese - login => username:admin,password:123456
[2019-12-24T15:22:42.296] [DEBUG] cheese - admin
[2019-12-24T15:22:42.310] [DEBUG] cheese - null
[2019-12-24T15:22:42.310] [DEBUG] cheese - null
[2019-12-24T15:30:18.226] [DEBUG] cheese - login => username:admin,password:123456
[2019-12-24T15:30:18.226] [DEBUG] cheese - admin
[2019-12-24T15:30:18.230] [DEBUG] cheese - null
[2019-12-24T15:30:18.231] [DEBUG] cheese - null
[2019-12-24T15:48:45.558] [DEBUG] cheese - login => username:admin,password:123456
[2019-12-24T15:48:45.558] [DEBUG] cheese - admin
[2019-12-24T15:48:45.565] [DEBUG] cheese - null
[2019-12-24T15:48:45.565] [DEBUG] cheese - null
[2019-12-24T15:57:29.789] [DEBUG] cheese - login => username:admin,password:123456
[2019-12-24T15:57:29.789] [DEBUG] cheese - admin
[2019-12-24T15:57:29.794] [DEBUG] cheese - null
[2019-12-24T15:57:29.794] [DEBUG] cheese - null
[2019-12-24T16:08:14.011] [DEBUG] cheese - login => username:admin,password:123456
[2019-12-24T16:08:14.011] [DEBUG] cheese - admin
[2019-12-24T16:08:14.016] [DEBUG] cheese - null
[2019-12-24T16:08:14.016] [DEBUG] cheese - null
[2019-12-24T16:10:23.736] [DEBUG] cheese - login => username:admin,password:123456
[2019-12-24T16:10:23.736] [DEBUG] cheese - admin
[2019-12-24T16:10:23.739] [DEBUG] cheese - null
[2019-12-24T16:10:23.739] [DEBUG] cheese - null
[2019-12-24T17:56:13.911] [DEBUG] cheese - login => username:admin,password:123456
[2019-12-24T17:56:13.911] [DEBUG] cheese - admin
[2019-12-24T17:56:13.918] [DEBUG] cheese - null
[2019-12-24T17:56:13.918] [DEBUG] cheese - null
[2019-12-24T18:18:20.171] [DEBUG] cheese - login => username:admin,password:123456
[2019-12-24T18:18:20.171] [DEBUG] cheese - admin
[2019-12-24T18:18:20.175] [DEBUG] cheese - null
[2019-12-24T18:18:20.176] [DEBUG] cheese - null
[2019-12-24T18:20:06.542] [DEBUG] cheese - login => username:admin,password:123456
[2019-12-24T18:20:06.543] [DEBUG] cheese - admin
[2019-12-24T18:20:06.547] [DEBUG] cheese - null
[2019-12-24T18:20:06.547] [DEBUG] cheese - null
[2019-12-24T18:22:11.556] [DEBUG] cheese - login => username:admin,password:123456
[2019-12-24T18:22:11.556] [DEBUG] cheese - admin
[2019-12-24T18:22:11.560] [DEBUG] cheese - null
[2019-12-24T18:22:11.560] [DEBUG] cheese - null
[2019-12-24T18:22:11.663] [DEBUG] cheese - login => username:admin,password:123456
[2019-12-24T18:22:11.663] [DEBUG] cheese - admin
[2019-12-24T18:22:11.665] [DEBUG] cheese - null
[2019-12-24T18:22:11.666] [DEBUG] cheese - null
[2019-12-24T18:37:00.563] [DEBUG] cheese - login => username:admin,password:123456
[2019-12-24T18:37:00.563] [DEBUG] cheese - admin
[2019-12-24T18:37:00.569] [DEBUG] cheese - null
[2019-12-24T18:37:00.569] [DEBUG] cheese - null
[2020-02-11T00:22:18.575] [DEBUG] cheese - login => username:admin,password:123456
[2020-02-11T00:22:18.577] [DEBUG] cheese - admin
[2020-02-11T00:22:18.605] [DEBUG] cheese - null
[2020-02-11T00:22:18.606] [DEBUG] cheese - null
